# JRE version: OpenJDK Runtime Environment (11.0.8+10) (build 11.0.8+10-b944.6842174)
# Java VM: OpenJDK 64-Bit Server VM (11.0.8+10-b944.6842174, mixed mode, tiered, compressed oops, g1 gc, windows-amd64)
Heap:
 garbage-first heap   total 366592K, used 142843K [0x0000000080000000, 0x0000000100000000)
  region size 1024K, 2 young (2048K), 2 survivors (2048K)
 Metaspace       used 153755K, capacity 158848K, committed 159052K, reserved 1187840K
  class space    used 18004K, capacity 19744K, committed 19840K, reserved 1048576K
GC Heap History (20 events):
Event: 19358.249 GC heap after
{Heap after GC invocations=306 (full 0):
 garbage-first heap   total 260096K, used 152782K [0x0000000080000000, 0x0000000100000000)
  region size 1024K, 2 young (2048K), 2 survivors (2048K)
 Metaspace       used 149504K, capacity 154542K, committed 156748K, reserved 1185792K
  class space    used 17657K, capacity 19410K, committed 19840K, reserved 1048576K
}
Event: 19358.485 GC heap before
{Heap before GC invocations=306 (full 0):
 garbage-first heap   total 260096K, used 171214K [0x0000000080000000, 0x0000000100000000)
  region size 1024K, 21 young (21504K), 2 survivors (2048K)
 Metaspace       used 149533K, capacity 154552K, committed 156748K, reserved 1185792K
  class space    used 17660K, capacity 19413K, committed 19840K, reserved 1048576K
}
Event: 19358.498 GC heap after
{Heap after GC invocations=307 (full 0):
 garbage-first heap   total 260096K, used 157342K [0x0000000080000000, 0x0000000100000000)
  region size 1024K, 6 young (6144K), 6 survivors (6144K)
 Metaspace       used 149533K, capacity 154552K, committed 156748K, reserved 1185792K
  class space    used 17660K, capacity 19413K, committed 19840K, reserved 1048576K
}
Event: 19359.063 GC heap before
{Heap before GC invocations=308 (full 0):
 garbage-first heap   total 260096K, used 225950K [0x0000000080000000, 0x0000000100000000)
  region size 1024K, 59 young (60416K), 6 survivors (6144K)
 Metaspace       used 151907K, capacity 156943K, committed 157260K, reserved 1187840K
  class space    used 17843K, capacity 19583K, committed 19840K, reserved 1048576K
}
Event: 19359.074 GC heap after
{Heap after GC invocations=309 (full 0):
 garbage-first heap   total 260096K, used 158395K [0x0000000080000000, 0x0000000100000000)
  region size 1024K, 6 young (6144K), 6 survivors (6144K)
 Metaspace       used 151907K, capacity 156943K, committed 157260K, reserved 1187840K
  class space    used 17843K, capacity 19583K, committed 19840K, reserved 1048576K
}
Event: 19359.114 GC heap before
{Heap before GC invocations=309 (full 0):
 garbage-first heap   total 260096K, used 164539K [0x0000000080000000, 0x0000000100000000)
  region size 1024K, 12 young (12288K), 6 survivors (6144K)
 Metaspace       used 151915K, capacity 157007K, committed 157516K, reserved 1187840K
  class space    used 17843K, capacity 19583K, committed 19840K, reserved 1048576K
}
Event: 19359.123 GC heap after
{Heap after GC invocations=310 (full 0):
 garbage-first heap   total 260096K, used 157295K [0x0000000080000000, 0x0000000100000000)
  region size 1024K, 2 young (2048K), 2 survivors (2048K)
 Metaspace       used 151915K, capacity 157007K, committed 157516K, reserved 1187840K
  class space    used 17843K, capacity 19583K, committed 19840K, reserved 1048576K
}
Event: 19359.473 GC heap before
{Heap before GC invocations=310 (full 0):
 garbage-first heap   total 260096K, used 212591K [0x0000000080000000, 0x0000000100000000)
  region size 1024K, 56 young (57344K), 2 survivors (2048K)
 Metaspace       used 152107K, capacity 157135K, committed 157516K, reserved 1187840K
  class space    used 17849K, capacity 19583K, committed 19840K, reserved 1048576K
}
Event: 19359.480 GC heap after
{Heap after GC invocations=311 (full 0):
 garbage-first heap   total 260096K, used 158744K [0x0000000080000000, 0x0000000100000000)
  region size 1024K, 3 young (3072K), 3 survivors (3072K)
 Metaspace       used 152107K, capacity 157135K, committed 157516K, reserved 1187840K
  class space    used 17849K, capacity 19583K, committed 19840K, reserved 1048576K
}
Event: 19360.013 GC heap before
{Heap before GC invocations=312 (full 0):
 garbage-first heap   total 260096K, used 196632K [0x0000000080000000, 0x0000000100000000)
  region size 1024K, 58 young (59392K), 3 survivors (3072K)
 Metaspace       used 152974K, capacity 158077K, committed 158284K, reserved 1187840K
  class space    used 17922K, capacity 19660K, committed 19840K, reserved 1048576K
}
Event: 19360.020 GC heap after
{Heap after GC invocations=313 (full 0):
 garbage-first heap   total 260096K, used 141677K [0x0000000080000000, 0x0000000100000000)
  region size 1024K, 3 young (3072K), 3 survivors (3072K)
 Metaspace       used 152974K, capacity 158077K, committed 158284K, reserved 1187840K
  class space    used 17922K, capacity 19660K, committed 19840K, reserved 1048576K
}
Event: 19360.078 GC heap before
{Heap before GC invocations=313 (full 0):
 garbage-first heap   total 260096K, used 149869K [0x0000000080000000, 0x0000000100000000)
  region size 1024K, 12 young (12288K), 3 survivors (3072K)
 Metaspace       used 153182K, capacity 158254K, committed 158540K, reserved 1187840K
  class space    used 17952K, capacity 19697K, committed 19840K, reserved 1048576K
}
Event: 19360.093 GC heap after
{Heap after GC invocations=314 (full 0):
 garbage-first heap   total 260096K, used 122505K [0x0000000080000000, 0x0000000100000000)
  region size 1024K, 2 young (2048K), 2 survivors (2048K)
 Metaspace       used 153182K, capacity 158254K, committed 158540K, reserved 1187840K
  class space    used 17952K, capacity 19697K, committed 19840K, reserved 1048576K
}
Event: 19360.190 GC heap before
{Heap before GC invocations=314 (full 0):
 garbage-first heap   total 260096K, used 131721K [0x0000000080000000, 0x0000000100000000)
  region size 1024K, 12 young (12288K), 2 survivors (2048K)
 Metaspace       used 153274K, capacity 158326K, committed 158540K, reserved 1187840K
  class space    used 17964K, capacity 19700K, committed 19840K, reserved 1048576K
}
Event: 19360.201 GC heap after
{Heap after GC invocations=315 (full 0):
 garbage-first heap   total 260096K, used 123327K [0x0000000080000000, 0x0000000100000000)
  region size 1024K, 2 young (2048K), 2 survivors (2048K)
 Metaspace       used 153274K, capacity 158326K, committed 158540K, reserved 1187840K
  class space    used 17964K, capacity 19700K, committed 19840K, reserved 1048576K
}
Event: 19361.001 GC heap before
{Heap before GC invocations=315 (full 0):
 garbage-first heap   total 260096K, used 204223K [0x0000000080000000, 0x0000000100000000)
  region size 1024K, 82 young (83968K), 2 survivors (2048K)
 Metaspace       used 153601K, capacity 158698K, committed 159052K, reserved 1187840K
  class space    used 17985K, capacity 19738K, committed 19840K, reserved 1048576K
}
Event: 19361.023 GC heap after
{Heap after GC invocations=316 (full 0):
 garbage-first heap   total 260096K, used 137963K [0x0000000080000000, 0x0000000100000000)
  region size 1024K, 11 young (11264K), 11 survivors (11264K)
 Metaspace       used 153601K, capacity 158698K, committed 159052K, reserved 1187840K
  class space    used 17985K, capacity 19738K, committed 19840K, reserved 1048576K
}
Event: 19361.388 GC heap before
{Heap before GC invocations=317 (full 0):
 garbage-first heap   total 260096K, used 205547K [0x0000000080000000, 0x0000000100000000)
  region size 1024K, 78 young (79872K), 11 survivors (11264K)
 Metaspace       used 153752K, capacity 158848K, committed 159052K, reserved 1187840K
  class space    used 18004K, capacity 19744K, committed 19840K, reserved 1048576K
}
Event: 19361.407 GC heap after
{Heap after GC invocations=318 (full 0):
 garbage-first heap   total 260096K, used 148041K [0x0000000080000000, 0x0000000100000000)
  region size 1024K, 10 young (10240K), 10 survivors (10240K)
 Metaspace       used 153752K, capacity 158848K, committed 159052K, reserved 1187840K
  class space    used 18004K, capacity 19744K, committed 19840K, reserved 1048576K
}
Event: 19361.411 GC heap before
{Heap before GC invocations=318 (full 0):
 garbage-first heap   total 260096K, used 150089K [0x0000000080000000, 0x0000000100000000)
  region size 1024K, 12 young (12288K), 10 survivors (10240K)
 Metaspace       used 153755K, capacity 158848K, committed 159052K, reserved 1187840K
  class space    used 18004K, capacity 19744K, committed 19840K, reserved 1048576K
}

